Analysis & Synthesis report for combolock
Wed Nov  8 16:18:10 2023
Quartus Prime Version 22.1std.1 Build 917 02/14/2023 SC Standard Edition


---------------------
; Table of Contents ;
---------------------
  1. Legal Notice
  2. Analysis & Synthesis Summary
  3. Analysis & Synthesis Settings
  4. Parallel Compilation
  5. Analysis & Synthesis Source Files Read
  6. Analysis & Synthesis Resource Usage Summary
  7. Analysis & Synthesis Resource Utilization by Entity
  8. State Machine - |combolock|y
  9. State Machine - |combolock|inputcond:incon2|y
 10. State Machine - |combolock|inputcond:incon1|y
 11. User-Specified and Inferred Latches
 12. Registers Removed During Synthesis
 13. General Register Statistics
 14. Inverted Register Statistics
 15. Multiplexer Restructuring Statistics (Restructuring Performed)
 16. Parameter Settings for User Entity Instance: Top-level Entity: |combolock
 17. Parameter Settings for User Entity Instance: inputcond:incon1
 18. Parameter Settings for User Entity Instance: inputcond:incon2
 19. Post-Synthesis Netlist Statistics for Top Partition
 20. Elapsed Time Per Partition
 21. Analysis & Synthesis Messages
 22. Analysis & Synthesis Suppressed Messages



----------------
; Legal Notice ;
----------------
Copyright (C) 2023  Intel Corporation. All rights reserved.
Your use of Intel Corporation's design tools, logic functions 
and other software and tools, and any partner logic 
functions, and any output files from any of the foregoing 
(including device programming or simulation files), and any 
associated documentation or information are expressly subject 
to the terms and conditions of the Intel Program License 
Subscription Agreement, the Intel Quartus Prime License Agreement,
the Intel FPGA IP License Agreement, or other applicable license
agreement, including, without limitation, that your use is for
the sole purpose of programming logic devices manufactured by
Intel and sold by Intel or its authorized distributors.  Please
refer to the applicable agreement for further details, at
https://fpgasoftware.intel.com/eula.



+--------------------------------------------------------------------------------------+
; Analysis & Synthesis Summary                                                         ;
+---------------------------------+----------------------------------------------------+
; Analysis & Synthesis Status     ; Successful - Wed Nov  8 16:18:10 2023              ;
; Quartus Prime Version           ; 22.1std.1 Build 917 02/14/2023 SC Standard Edition ;
; Revision Name                   ; combolock                                          ;
; Top-level Entity Name           ; combolock                                          ;
; Family                          ; Cyclone V                                          ;
; Logic utilization (in ALMs)     ; N/A                                                ;
; Total registers                 ; 13                                                 ;
; Total pins                      ; 18                                                 ;
; Total virtual pins              ; 0                                                  ;
; Total block memory bits         ; 0                                                  ;
; Total DSP Blocks                ; 0                                                  ;
; Total HSSI RX PCSs              ; 0                                                  ;
; Total HSSI PMA RX Deserializers ; 0                                                  ;
; Total HSSI TX PCSs              ; 0                                                  ;
; Total HSSI PMA TX Serializers   ; 0                                                  ;
; Total PLLs                      ; 0                                                  ;
; Total DLLs                      ; 0                                                  ;
+---------------------------------+----------------------------------------------------+


+---------------------------------------------------------------------------------------------------------------------------+
; Analysis & Synthesis Settings                                                                                             ;
+---------------------------------------------------------------------------------+--------------------+--------------------+
; Option                                                                          ; Setting            ; Default Value      ;
+---------------------------------------------------------------------------------+--------------------+--------------------+
; Device                                                                          ; 5CSEMA5F31C6       ;                    ;
; Top-level entity name                                                           ; combolock          ; combolock          ;
; Family name                                                                     ; Cyclone V          ; Cyclone V          ;
; Use smart compilation                                                           ; Off                ; Off                ;
; Enable parallel Assembler and Timing Analyzer during compilation                ; On                 ; On                 ;
; Enable compact report table                                                     ; Off                ; Off                ;
; Restructure Multiplexers                                                        ; Auto               ; Auto               ;
; MLAB Add Timing Constraints For Mixed-Port Feed-Through Mode Setting Don't Care ; Off                ; Off                ;
; Create Debugging Nodes for IP Cores                                             ; Off                ; Off                ;
; Preserve fewer node names                                                       ; On                 ; On                 ;
; Intel FPGA IP Evaluation Mode                                                   ; Enable             ; Enable             ;
; Verilog Version                                                                 ; Verilog_2001       ; Verilog_2001       ;
; VHDL Version                                                                    ; VHDL_1993          ; VHDL_1993          ;
; State Machine Processing                                                        ; Auto               ; Auto               ;
; Safe State Machine                                                              ; Off                ; Off                ;
; Extract Verilog State Machines                                                  ; On                 ; On                 ;
; Extract VHDL State Machines                                                     ; On                 ; On                 ;
; Ignore Verilog initial constructs                                               ; Off                ; Off                ;
; Iteration limit for constant Verilog loops                                      ; 5000               ; 5000               ;
; Iteration limit for non-constant Verilog loops                                  ; 250                ; 250                ;
; Add Pass-Through Logic to Inferred RAMs                                         ; On                 ; On                 ;
; Infer RAMs from Raw Logic                                                       ; On                 ; On                 ;
; Parallel Synthesis                                                              ; On                 ; On                 ;
; DSP Block Balancing                                                             ; Auto               ; Auto               ;
; NOT Gate Push-Back                                                              ; On                 ; On                 ;
; Power-Up Don't Care                                                             ; On                 ; On                 ;
; Remove Redundant Logic Cells                                                    ; Off                ; Off                ;
; Remove Duplicate Registers                                                      ; On                 ; On                 ;
; Ignore CARRY Buffers                                                            ; Off                ; Off                ;
; Ignore CASCADE Buffers                                                          ; Off                ; Off                ;
; Ignore GLOBAL Buffers                                                           ; Off                ; Off                ;
; Ignore ROW GLOBAL Buffers                                                       ; Off                ; Off                ;
; Ignore LCELL Buffers                                                            ; Off                ; Off                ;
; Ignore SOFT Buffers                                                             ; On                 ; On                 ;
; Limit AHDL Integers to 32 Bits                                                  ; Off                ; Off                ;
; Optimization Technique                                                          ; Balanced           ; Balanced           ;
; Carry Chain Length                                                              ; 70                 ; 70                 ;
; Auto Carry Chains                                                               ; On                 ; On                 ;
; Auto Open-Drain Pins                                                            ; On                 ; On                 ;
; Perform WYSIWYG Primitive Resynthesis                                           ; Off                ; Off                ;
; Auto ROM Replacement                                                            ; On                 ; On                 ;
; Auto RAM Replacement                                                            ; On                 ; On                 ;
; Auto DSP Block Replacement                                                      ; On                 ; On                 ;
; Auto Shift Register Replacement                                                 ; Auto               ; Auto               ;
; Allow Shift Register Merging across Hierarchies                                 ; Auto               ; Auto               ;
; Auto Clock Enable Replacement                                                   ; On                 ; On                 ;
; Strict RAM Replacement                                                          ; Off                ; Off                ;
; Allow Synchronous Control Signals                                               ; On                 ; On                 ;
; Force Use of Synchronous Clear Signals                                          ; Off                ; Off                ;
; Auto Resource Sharing                                                           ; Off                ; Off                ;
; Allow Any RAM Size For Recognition                                              ; Off                ; Off                ;
; Allow Any ROM Size For Recognition                                              ; Off                ; Off                ;
; Allow Any Shift Register Size For Recognition                                   ; Off                ; Off                ;
; Use LogicLock Constraints during Resource Balancing                             ; On                 ; On                 ;
; Ignore translate_off and synthesis_off directives                               ; Off                ; Off                ;
; Timing-Driven Synthesis                                                         ; On                 ; On                 ;
; Report Parameter Settings                                                       ; On                 ; On                 ;
; Report Source Assignments                                                       ; On                 ; On                 ;
; Report Connectivity Checks                                                      ; On                 ; On                 ;
; Ignore Maximum Fan-Out Assignments                                              ; Off                ; Off                ;
; Synchronization Register Chain Length                                           ; 3                  ; 3                  ;
; Power Optimization During Synthesis                                             ; Normal compilation ; Normal compilation ;
; HDL message level                                                               ; Level2             ; Level2             ;
; Suppress Register Optimization Related Messages                                 ; Off                ; Off                ;
; Number of Removed Registers Reported in Synthesis Report                        ; 5000               ; 5000               ;
; Number of Swept Nodes Reported in Synthesis Report                              ; 5000               ; 5000               ;
; Number of Inverted Registers Reported in Synthesis Report                       ; 100                ; 100                ;
; Clock MUX Protection                                                            ; On                 ; On                 ;
; Auto Gated Clock Conversion                                                     ; Off                ; Off                ;
; Block Design Naming                                                             ; Auto               ; Auto               ;
; SDC constraint protection                                                       ; Off                ; Off                ;
; Synthesis Effort                                                                ; Auto               ; Auto               ;
; Shift Register Replacement - Allow Asynchronous Clear Signal                    ; On                 ; On                 ;
; Pre-Mapping Resynthesis Optimization                                            ; Off                ; Off                ;
; Analysis & Synthesis Message Level                                              ; Medium             ; Medium             ;
; Disable Register Merging Across Hierarchies                                     ; Auto               ; Auto               ;
; Resource Aware Inference For Block RAM                                          ; On                 ; On                 ;
; Automatic Parallel Synthesis                                                    ; On                 ; On                 ;
; Partial Reconfiguration Bitstream ID                                            ; Off                ; Off                ;
+---------------------------------------------------------------------------------+--------------------+--------------------+


+------------------------------------------+
; Parallel Compilation                     ;
+----------------------------+-------------+
; Processors                 ; Number      ;
+----------------------------+-------------+
; Number detected on machine ; 2           ;
; Maximum allowed            ; 2           ;
;                            ;             ;
; Average used               ; 1.00        ;
; Maximum used               ; 2           ;
;                            ;             ;
; Usage by Processor         ; % Time Used ;
;     Processor 1            ; 100.0%      ;
;     Processor 2            ;   0.0%      ;
+----------------------------+-------------+


+------------------------------------------------------------------------------------------------------------------------------------------+
; Analysis & Synthesis Source Files Read                                                                                                   ;
+----------------------------------+-----------------+------------------------+--------------------------------------------------+---------+
; File Name with User-Entered Path ; Used in Netlist ; File Type              ; File Name with Absolute Path                     ; Library ;
+----------------------------------+-----------------+------------------------+--------------------------------------------------+---------+
; combolock.v                      ; yes             ; User Verilog HDL File  ; C:/Users/umerz/Documents/combolock 3/combolock.v ;         ;
; inputcond.v                      ; yes             ; User Verilog HDL File  ; C:/Users/umerz/Documents/combolock 3/inputcond.v ;         ;
+----------------------------------+-----------------+------------------------+--------------------------------------------------+---------+


+-----------------------------------------------------------+
; Analysis & Synthesis Resource Usage Summary               ;
+---------------------------------------------+-------------+
; Resource                                    ; Usage       ;
+---------------------------------------------+-------------+
; Estimate of Logic utilization (ALMs needed) ; 18          ;
;                                             ;             ;
; Combinational ALUT usage for logic          ; 32          ;
;     -- 7 input functions                    ; 0           ;
;     -- 6 input functions                    ; 4           ;
;     -- 5 input functions                    ; 2           ;
;     -- 4 input functions                    ; 1           ;
;     -- <=3 input functions                  ; 25          ;
;                                             ;             ;
; Dedicated logic registers                   ; 13          ;
;                                             ;             ;
; I/O pins                                    ; 18          ;
;                                             ;             ;
; Total DSP Blocks                            ; 0           ;
;                                             ;             ;
; Maximum fan-out node                        ; Clock~input ;
; Maximum fan-out                             ; 13          ;
; Total fan-out                               ; 161         ;
; Average fan-out                             ; 1.99        ;
+---------------------------------------------+-------------+


+------------------------------------------------------------------------------------------------------------------------------------------------------------------------------------------------+
; Analysis & Synthesis Resource Utilization by Entity                                                                                                                                            ;
+----------------------------+---------------------+---------------------------+-------------------+------------+------+--------------+-----------------------------+-------------+--------------+
; Compilation Hierarchy Node ; Combinational ALUTs ; Dedicated Logic Registers ; Block Memory Bits ; DSP Blocks ; Pins ; Virtual Pins ; Full Hierarchy Name         ; Entity Name ; Library Name ;
+----------------------------+---------------------+---------------------------+-------------------+------------+------+--------------+-----------------------------+-------------+--------------+
; |combolock                 ; 32 (28)             ; 13 (9)                    ; 0                 ; 0          ; 18   ; 0            ; |combolock                  ; combolock   ; work         ;
;    |inputcond:incon1|      ; 2 (2)               ; 2 (2)                     ; 0                 ; 0          ; 0    ; 0            ; |combolock|inputcond:incon1 ; inputcond   ; work         ;
;    |inputcond:incon2|      ; 2 (2)               ; 2 (2)                     ; 0                 ; 0          ; 0    ; 0            ; |combolock|inputcond:incon2 ; inputcond   ; work         ;
+----------------------------+---------------------+---------------------------+-------------------+------------+------+--------------+-----------------------------+-------------+--------------+
Note: For table entries with two numbers listed, the numbers in parentheses indicate the number of resources of the given type used by the specific entity alone. The numbers listed outside of parentheses indicate the total resources of the given type used by the specific entity and all of its sub-entities in the hierarchy.


Encoding Type:  One-Hot
+--------------------------------------------------------+
; State Machine - |combolock|y                           ;
+---------+---------+---------+-------+---------+--------+
; Name    ; y.ALARM ; y.WRONG ; y.NEW ; y.START ; y.OPEN ;
+---------+---------+---------+-------+---------+--------+
; y.START ; 0       ; 0       ; 0     ; 0       ; 0      ;
; y.NEW   ; 0       ; 0       ; 1     ; 1       ; 0      ;
; y.WRONG ; 0       ; 1       ; 0     ; 1       ; 0      ;
; y.ALARM ; 1       ; 0       ; 0     ; 1       ; 0      ;
; y.OPEN  ; 0       ; 0       ; 0     ; 1       ; 1      ;
+---------+---------+---------+-------+---------+--------+


Encoding Type:  One-Hot
+-----------------------------------------------+
; State Machine - |combolock|inputcond:incon2|y ;
+------+-----+-----+----------------------------+
; Name ; y.A ; y.C ; y.B                        ;
+------+-----+-----+----------------------------+
; y.A  ; 0   ; 0   ; 0                          ;
; y.B  ; 1   ; 0   ; 1                          ;
; y.C  ; 1   ; 1   ; 0                          ;
+------+-----+-----+----------------------------+


Encoding Type:  One-Hot
+-----------------------------------------------+
; State Machine - |combolock|inputcond:incon1|y ;
+------+-----+-----+----------------------------+
; Name ; y.A ; y.C ; y.B                        ;
+------+-----+-----+----------------------------+
; y.A  ; 0   ; 0   ; 0                          ;
; y.B  ; 1   ; 0   ; 1                          ;
; y.C  ; 1   ; 1   ; 0                          ;
+------+-----+-----+----------------------------+


+---------------------------------------------------------------------------------------------------+
; User-Specified and Inferred Latches                                                               ;
+----------------------------------------------------+---------------------+------------------------+
; Latch Name                                         ; Latch Enable Signal ; Free of Timing Hazards ;
+----------------------------------------------------+---------------------+------------------------+
; combo[0]                                           ; Selector8           ; yes                    ;
; combo[1]                                           ; Selector8           ; yes                    ;
; combo[2]                                           ; Selector8           ; yes                    ;
; combo[3]                                           ; Selector8           ; yes                    ;
; Y.OPEN_180                                         ; Selector4           ; yes                    ;
; Y.000_216                                          ; Selector4           ; yes                    ;
; Y.WRONG_198                                        ; Selector4           ; yes                    ;
; Y.NEW_207                                          ; Selector4           ; yes                    ;
; Y.ALARM_189                                        ; Selector4           ; yes                    ;
; Number of user-specified and inferred latches = 9  ;                     ;                        ;
+----------------------------------------------------+---------------------+------------------------+
Note: All latches listed above may not be present at the end of synthesis due to various synthesis optimizations.


+------------------------------------------------------------+
; Registers Removed During Synthesis                         ;
+---------------------------------------+--------------------+
; Register name                         ; Reason for Removal ;
+---------------------------------------+--------------------+
; inputcond:incon2|y.C                  ; Lost fanout        ;
; inputcond:incon1|y.C                  ; Lost fanout        ;
; y~4                                   ; Lost fanout        ;
; y~5                                   ; Lost fanout        ;
; Total Number of Removed Registers = 4 ;                    ;
+---------------------------------------+--------------------+


+------------------------------------------------------+
; General Register Statistics                          ;
+----------------------------------------------+-------+
; Statistic                                    ; Value ;
+----------------------------------------------+-------+
; Total registers                              ; 13    ;
; Number of registers using Synchronous Clear  ; 0     ;
; Number of registers using Synchronous Load   ; 0     ;
; Number of registers using Asynchronous Clear ; 9     ;
; Number of registers using Asynchronous Load  ; 0     ;
; Number of registers using Clock Enable       ; 0     ;
; Number of registers using Preset             ; 0     ;
+----------------------------------------------+-------+


+--------------------------------------------------+
; Inverted Register Statistics                     ;
+----------------------------------------+---------+
; Inverted Register                      ; Fan out ;
+----------------------------------------+---------+
; temp[1]                                ; 1       ;
; temp[2]                                ; 1       ;
; Total number of inverted registers = 2 ;         ;
+----------------------------------------+---------+


+------------------------------------------------------------------------------------------------------------------------------------------+
; Multiplexer Restructuring Statistics (Restructuring Performed)                                                                           ;
+--------------------+-----------+---------------+----------------------+------------------------+------------+----------------------------+
; Multiplexer Inputs ; Bus Width ; Baseline Area ; Area if Restructured ; Saving if Restructured ; Registered ; Example Multiplexer Output ;
+--------------------+-----------+---------------+----------------------+------------------------+------------+----------------------------+
; 3:1                ; 2 bits    ; 4 LEs         ; 4 LEs                ; 0 LEs                  ; No         ; |combolock|Y               ;
+--------------------+-----------+---------------+----------------------+------------------------+------------+----------------------------+


+---------------------------------------------------------------------------+
; Parameter Settings for User Entity Instance: Top-level Entity: |combolock ;
+----------------+-------+--------------------------------------------------+
; Parameter Name ; Value ; Type                                             ;
+----------------+-------+--------------------------------------------------+
; START          ; 000   ; Unsigned Binary                                  ;
; NEW            ; 001   ; Unsigned Binary                                  ;
; WRONG          ; 010   ; Unsigned Binary                                  ;
; ALARM          ; 011   ; Unsigned Binary                                  ;
; OPEN           ; 100   ; Unsigned Binary                                  ;
+----------------+-------+--------------------------------------------------+
Note: In order to hide this table in the UI and the text report file, please set the "Show Parameter Settings in Synthesis Report" option in "Analysis and Synthesis Settings -> More Settings" to "Off".


+---------------------------------------------------------------+
; Parameter Settings for User Entity Instance: inputcond:incon1 ;
+----------------+-------+--------------------------------------+
; Parameter Name ; Value ; Type                                 ;
+----------------+-------+--------------------------------------+
; A              ; 00    ; Unsigned Binary                      ;
; B              ; 01    ; Unsigned Binary                      ;
; C              ; 10    ; Unsigned Binary                      ;
+----------------+-------+--------------------------------------+
Note: In order to hide this table in the UI and the text report file, please set the "Show Parameter Settings in Synthesis Report" option in "Analysis and Synthesis Settings -> More Settings" to "Off".


+---------------------------------------------------------------+
; Parameter Settings for User Entity Instance: inputcond:incon2 ;
+----------------+-------+--------------------------------------+
; Parameter Name ; Value ; Type                                 ;
+----------------+-------+--------------------------------------+
; A              ; 00    ; Unsigned Binary                      ;
; B              ; 01    ; Unsigned Binary                      ;
; C              ; 10    ; Unsigned Binary                      ;
+----------------+-------+--------------------------------------+
Note: In order to hide this table in the UI and the text report file, please set the "Show Parameter Settings in Synthesis Report" option in "Analysis and Synthesis Settings -> More Settings" to "Off".


+-----------------------------------------------------+
; Post-Synthesis Netlist Statistics for Top Partition ;
+-----------------------+-----------------------------+
; Type                  ; Count                       ;
+-----------------------+-----------------------------+
; arriav_ff             ; 13                          ;
;     CLR               ; 9                           ;
;     plain             ; 4                           ;
; arriav_lcell_comb     ; 33                          ;
;     normal            ; 33                          ;
;         1 data inputs ; 6                           ;
;         2 data inputs ; 5                           ;
;         3 data inputs ; 15                          ;
;         4 data inputs ; 1                           ;
;         5 data inputs ; 2                           ;
;         6 data inputs ; 4                           ;
; boundary_port         ; 18                          ;
;                       ;                             ;
; Max LUT depth         ; 3.00                        ;
; Average LUT depth     ; 1.98                        ;
+-----------------------+-----------------------------+


+-------------------------------+
; Elapsed Time Per Partition    ;
+----------------+--------------+
; Partition Name ; Elapsed Time ;
+----------------+--------------+
; Top            ; 00:00:00     ;
+----------------+--------------+


+-------------------------------+
; Analysis & Synthesis Messages ;
+-------------------------------+
Info: *******************************************************************
Info: Running Quartus Prime Analysis & Synthesis
    Info: Version 22.1std.1 Build 917 02/14/2023 SC Standard Edition
    Info: Processing started: Wed Nov  8 16:17:59 2023
Info: Command: quartus_map --read_settings_files=on --write_settings_files=off combolock -c combolock
Warning (18236): Number of processors has not been specified which may cause overloading on shared machines.  Set the global assignment NUM_PARALLEL_PROCESSORS in your QSF to an appropriate value for best performance.
Info (20030): Parallel compilation is enabled and will use 2 of the 2 processors detected
Info (12021): Found 1 design units, including 1 entities, in source file combolock.v
    Info (12023): Found entity 1: combolock File: C:/Users/umerz/Documents/combolock 3/combolock.v Line: 1
Info (12021): Found 1 design units, including 1 entities, in source file inputcond.v
    Info (12023): Found entity 1: inputcond File: C:/Users/umerz/Documents/combolock 3/inputcond.v Line: 1
Info (12127): Elaborating entity "combolock" for the top level hierarchy
Warning (10235): Verilog HDL Always Construct warning at combolock.v(26): variable "y" is read inside the Always Construct but isn't in the Always Construct's Event Control File: C:/Users/umerz/Documents/combolock 3/combolock.v Line: 26
Warning (10235): Verilog HDL Always Construct warning at combolock.v(28): variable "temp" is read inside the Always Construct but isn't in the Always Construct's Event Control File: C:/Users/umerz/Documents/combolock 3/combolock.v Line: 28
Warning (10235): Verilog HDL Always Construct warning at combolock.v(29): variable "c_pulse" is read inside the Always Construct but isn't in the Always Construct's Event Control File: C:/Users/umerz/Documents/combolock 3/combolock.v Line: 29
Warning (10235): Verilog HDL Always Construct warning at combolock.v(29): variable "correct" is read inside the Always Construct but isn't in the Always Construct's Event Control File: C:/Users/umerz/Documents/combolock 3/combolock.v Line: 29
Warning (10235): Verilog HDL Always Construct warning at combolock.v(30): variable "e_pulse" is read inside the Always Construct but isn't in the Always Construct's Event Control File: C:/Users/umerz/Documents/combolock 3/combolock.v Line: 30
Warning (10235): Verilog HDL Always Construct warning at combolock.v(30): variable "correct" is read inside the Always Construct but isn't in the Always Construct's Event Control File: C:/Users/umerz/Documents/combolock 3/combolock.v Line: 30
Warning (10235): Verilog HDL Always Construct warning at combolock.v(31): variable "c_pulse" is read inside the Always Construct but isn't in the Always Construct's Event Control File: C:/Users/umerz/Documents/combolock 3/combolock.v Line: 31
Warning (10235): Verilog HDL Always Construct warning at combolock.v(31): variable "correct" is read inside the Always Construct but isn't in the Always Construct's Event Control File: C:/Users/umerz/Documents/combolock 3/combolock.v Line: 31
Warning (10235): Verilog HDL Always Construct warning at combolock.v(31): variable "e_pulse" is read inside the Always Construct but isn't in the Always Construct's Event Control File: C:/Users/umerz/Documents/combolock 3/combolock.v Line: 31
Warning (10235): Verilog HDL Always Construct warning at combolock.v(36): variable "c_pulse" is read inside the Always Construct but isn't in the Always Construct's Event Control File: C:/Users/umerz/Documents/combolock 3/combolock.v Line: 36
Warning (10235): Verilog HDL Always Construct warning at combolock.v(36): variable "e_pulse" is read inside the Always Construct but isn't in the Always Construct's Event Control File: C:/Users/umerz/Documents/combolock 3/combolock.v Line: 36
Warning (10235): Verilog HDL Always Construct warning at combolock.v(37): variable "switch" is read inside the Always Construct but isn't in the Always Construct's Event Control File: C:/Users/umerz/Documents/combolock 3/combolock.v Line: 37
Warning (10235): Verilog HDL Always Construct warning at combolock.v(43): variable "c_pulse" is read inside the Always Construct but isn't in the Always Construct's Event Control File: C:/Users/umerz/Documents/combolock 3/combolock.v Line: 43
Warning (10235): Verilog HDL Always Construct warning at combolock.v(43): variable "correct" is read inside the Always Construct but isn't in the Always Construct's Event Control File: C:/Users/umerz/Documents/combolock 3/combolock.v Line: 43
Warning (10235): Verilog HDL Always Construct warning at combolock.v(44): variable "e_pulse" is read inside the Always Construct but isn't in the Always Construct's Event Control File: C:/Users/umerz/Documents/combolock 3/combolock.v Line: 44
Warning (10235): Verilog HDL Always Construct warning at combolock.v(44): variable "correct" is read inside the Always Construct but isn't in the Always Construct's Event Control File: C:/Users/umerz/Documents/combolock 3/combolock.v Line: 44
Warning (10235): Verilog HDL Always Construct warning at combolock.v(45): variable "c_pulse" is read inside the Always Construct but isn't in the Always Construct's Event Control File: C:/Users/umerz/Documents/combolock 3/combolock.v Line: 45
Warning (10235): Verilog HDL Always Construct warning at combolock.v(45): variable "correct" is read inside the Always Construct but isn't in the Always Construct's Event Control File: C:/Users/umerz/Documents/combolock 3/combolock.v Line: 45
Warning (10235): Verilog HDL Always Construct warning at combolock.v(45): variable "e_pulse" is read inside the Always Construct but isn't in the Always Construct's Event Control File: C:/Users/umerz/Documents/combolock 3/combolock.v Line: 45
Warning (10235): Verilog HDL Always Construct warning at combolock.v(51): variable "e_pulse" is read inside the Always Construct but isn't in the Always Construct's Event Control File: C:/Users/umerz/Documents/combolock 3/combolock.v Line: 51
Warning (10240): Verilog HDL Always Construct warning at combolock.v(25): inferring latch(es) for variable "combo", which holds its previous value in one or more paths through the always construct File: C:/Users/umerz/Documents/combolock 3/combolock.v Line: 25
Warning (10240): Verilog HDL Always Construct warning at combolock.v(25): inferring latch(es) for variable "Y", which holds its previous value in one or more paths through the always construct File: C:/Users/umerz/Documents/combolock 3/combolock.v Line: 25
Info (10264): Verilog HDL Case Statement information at combolock.v(73): all case item expressions in this case statement are onehot File: C:/Users/umerz/Documents/combolock 3/combolock.v Line: 73
Info (10041): Inferred latch for "Y.OPEN" at combolock.v(25) File: C:/Users/umerz/Documents/combolock 3/combolock.v Line: 25
Info (10041): Inferred latch for "Y.ALARM" at combolock.v(25) File: C:/Users/umerz/Documents/combolock 3/combolock.v Line: 25
Info (10041): Inferred latch for "Y.WRONG" at combolock.v(25) File: C:/Users/umerz/Documents/combolock 3/combolock.v Line: 25
Info (10041): Inferred latch for "Y.NEW" at combolock.v(25) File: C:/Users/umerz/Documents/combolock 3/combolock.v Line: 25
Info (10041): Inferred latch for "Y.000" at combolock.v(25) File: C:/Users/umerz/Documents/combolock 3/combolock.v Line: 25
Info (10041): Inferred latch for "combo[0]" at combolock.v(25) File: C:/Users/umerz/Documents/combolock 3/combolock.v Line: 25
Info (10041): Inferred latch for "combo[1]" at combolock.v(25) File: C:/Users/umerz/Documents/combolock 3/combolock.v Line: 25
Info (10041): Inferred latch for "combo[2]" at combolock.v(25) File: C:/Users/umerz/Documents/combolock 3/combolock.v Line: 25
Info (10041): Inferred latch for "combo[3]" at combolock.v(25) File: C:/Users/umerz/Documents/combolock 3/combolock.v Line: 25
Info (12128): Elaborating entity "inputcond" for hierarchy "inputcond:incon1" File: C:/Users/umerz/Documents/combolock 3/combolock.v Line: 14
Warning (13012): Latch combo[0] has unsafe behavior File: C:/Users/umerz/Documents/combolock 3/combolock.v Line: 25
    Warning (13013): Ports D and ENA on the latch are fed by the same signal y.NEW File: C:/Users/umerz/Documents/combolock 3/combolock.v Line: 10
Warning (13012): Latch combo[1] has unsafe behavior File: C:/Users/umerz/Documents/combolock 3/combolock.v Line: 25
    Warning (13013): Ports D and ENA on the latch are fed by the same signal y.NEW File: C:/Users/umerz/Documents/combolock 3/combolock.v Line: 10
Warning (13012): Latch combo[2] has unsafe behavior File: C:/Users/umerz/Documents/combolock 3/combolock.v Line: 25
    Warning (13013): Ports D and ENA on the latch are fed by the same signal y.NEW File: C:/Users/umerz/Documents/combolock 3/combolock.v Line: 10
Warning (13012): Latch combo[3] has unsafe behavior File: C:/Users/umerz/Documents/combolock 3/combolock.v Line: 25
    Warning (13013): Ports D and ENA on the latch are fed by the same signal y.NEW File: C:/Users/umerz/Documents/combolock 3/combolock.v Line: 10
Warning (13012): Latch Y.OPEN_180 has unsafe behavior File: C:/Users/umerz/Documents/combolock 3/combolock.v Line: 25
    Warning (13013): Ports D and ENA on the latch are fed by the same signal inputcond:incon1|y.B File: C:/Users/umerz/Documents/combolock 3/inputcond.v Line: 4
Warning (13012): Latch Y.000_216 has unsafe behavior File: C:/Users/umerz/Documents/combolock 3/combolock.v Line: 25
    Warning (13013): Ports D and ENA on the latch are fed by the same signal y.OPEN File: C:/Users/umerz/Documents/combolock 3/combolock.v Line: 10
Warning (13012): Latch Y.WRONG_198 has unsafe behavior File: C:/Users/umerz/Documents/combolock 3/combolock.v Line: 25
    Warning (13013): Ports D and ENA on the latch are fed by the same signal inputcond:incon1|y.B File: C:/Users/umerz/Documents/combolock 3/inputcond.v Line: 4
Warning (13012): Latch Y.NEW_207 has unsafe behavior File: C:/Users/umerz/Documents/combolock 3/combolock.v Line: 25
    Warning (13013): Ports D and ENA on the latch are fed by the same signal inputcond:incon1|y.B File: C:/Users/umerz/Documents/combolock 3/inputcond.v Line: 4
Warning (13012): Latch Y.ALARM_189 has unsafe behavior File: C:/Users/umerz/Documents/combolock 3/combolock.v Line: 25
    Warning (13013): Ports D and ENA on the latch are fed by the same signal inputcond:incon1|y.B File: C:/Users/umerz/Documents/combolock 3/inputcond.v Line: 4
Info (286030): Timing-Driven Synthesis is running
Info (17049): 4 registers lost all their fanouts during netlist optimizations.
Info (144001): Generated suppressed messages file C:/Users/umerz/Documents/combolock 3/output_files/combolock.map.smsg
Info (16010): Generating hard_block partition "hard_block:auto_generated_inst"
    Info (16011): Adding 0 node(s), including 0 DDIO, 0 PLL, 0 transceiver and 0 LCELL
Info (21057): Implemented 56 device resources after synthesis - the final resource count might be different
    Info (21058): Implemented 8 input pins
    Info (21059): Implemented 10 output pins
    Info (21061): Implemented 38 logic cells
Info: Quartus Prime Analysis & Synthesis was successful. 0 errors, 41 warnings
    Info: Peak virtual memory: 4819 megabytes
    Info: Processing ended: Wed Nov  8 16:18:10 2023
    Info: Elapsed time: 00:00:11
    Info: Total CPU time (on all processors): 00:00:15


+------------------------------------------+
; Analysis & Synthesis Suppressed Messages ;
+------------------------------------------+
The suppressed messages can be found in C:/Users/umerz/Documents/combolock 3/output_files/combolock.map.smsg.


